[    2286ms] [ERROR] Access to fetch at 'https://steez-models.oss-cn-hongkong.aliyuncs.com/bose_smart_speaker.glb' from origin 'http://localhost:3725' has been blocked by CORS policy: No 'Access-Control-Allow-Origin' header is present on the requested resource. @ http://localhost:3725/demo%20cards/electronics_demo2:0
[    2287ms] [ERROR] Failed to load resource: net::ERR_FAILED @ https://steez-models.oss-cn-hongkong.aliyuncs.com/bose_smart_speaker.glb:0
[    2287ms] [ERROR] TypeError: Failed to fetch
    at lc.load (https://cdnjs.cloudflare.com/ajax/libs/three.js/r134/three.min.js:6:480353)
    at GLTFLoader.load (https://cdn.jsdelivr.net/npm/three@0.134.0/examples/js/loaders/GLTFLoader.js:111:11)
    at http://localhost:3725/demo%20cards/electronics_demo2:2251:14
    at Array.forEach (<anonymous>)
    at initHeroModels (http://localhost:3725/demo%20cards/electronics_demo2:2235:9)
    at http://localhost:3725/demo%20cards/electronics_demo2:2269:1 @ https://cdn.jsdelivr.net/npm/three@0.134.0/examples/js/loaders/GLTFLoader.js:96
[    2288ms] [ERROR] Access to fetch at 'https://steez-models.oss-cn-hongkong.aliyuncs.com/dyson_supersonic.glb' from origin 'http://localhost:3725' has been blocked by CORS policy: No 'Access-Control-Allow-Origin' header is present on the requested resource. @ http://localhost:3725/demo%20cards/electronics_demo2:0
[    2288ms] [ERROR] Failed to load resource: net::ERR_FAILED @ https://steez-models.oss-cn-hongkong.aliyuncs.com/dyson_supersonic.glb:0
[    2288ms] [ERROR] TypeError: Failed to fetch
    at lc.load (https://cdnjs.cloudflare.com/ajax/libs/three.js/r134/three.min.js:6:480353)
    at GLTFLoader.load (https://cdn.jsdelivr.net/npm/three@0.134.0/examples/js/loaders/GLTFLoader.js:111:11)
    at http://localhost:3725/demo%20cards/electronics_demo2:2251:14
    at Array.forEach (<anonymous>)
    at initHeroModels (http://localhost:3725/demo%20cards/electronics_demo2:2235:9)
    at http://localhost:3725/demo%20cards/electronics_demo2:2269:1 @ https://cdn.jsdelivr.net/npm/three@0.134.0/examples/js/loaders/GLTFLoader.js:96
[    2289ms] [ERROR] Access to fetch at 'https://steez-models.oss-cn-hongkong.aliyuncs.com/headphones_airpods_pro.glb' from origin 'http://localhost:3725' has been blocked by CORS policy: No 'Access-Control-Allow-Origin' header is present on the requested resource. @ http://localhost:3725/demo%20cards/electronics_demo2:0
[    2289ms] [ERROR] Failed to load resource: net::ERR_FAILED @ https://steez-models.oss-cn-hongkong.aliyuncs.com/headphones_airpods_pro.glb:0
[    2289ms] [ERROR] TypeError: Failed to fetch
    at lc.load (https://cdnjs.cloudflare.com/ajax/libs/three.js/r134/three.min.js:6:480353)
    at GLTFLoader.load (https://cdn.jsdelivr.net/npm/three@0.134.0/examples/js/loaders/GLTFLoader.js:111:11)
    at http://localhost:3725/demo%20cards/electronics_demo2:2251:14
    at Array.forEach (<anonymous>)
    at initHeroModels (http://localhost:3725/demo%20cards/electronics_demo2:2235:9)
    at http://localhost:3725/demo%20cards/electronics_demo2:2269:1 @ https://cdn.jsdelivr.net/npm/three@0.134.0/examples/js/loaders/GLTFLoader.js:96
[    2289ms] [ERROR] Access to fetch at 'https://steez-models.oss-cn-hongkong.aliyuncs.com/powerbank_alike_xiaomi_67w_power_bank_20000.glb' from origin 'http://localhost:3725' has been blocked by CORS policy: No 'Access-Control-Allow-Origin' header is present on the requested resource. @ http://localhost:3725/demo%20cards/electronics_demo2:0
[    2290ms] [ERROR] Failed to load resource: net::ERR_FAILED @ https://steez-models.oss-cn-hongkong.aliyuncs.com/powerbank_alike_xiaomi_67w_power_bank_20000.glb:0
[    2290ms] [ERROR] TypeError: Failed to fetch
    at lc.load (https://cdnjs.cloudflare.com/ajax/libs/three.js/r134/three.min.js:6:480353)
    at GLTFLoader.load (https://cdn.jsdelivr.net/npm/three@0.134.0/examples/js/loaders/GLTFLoader.js:111:11)
    at http://localhost:3725/demo%20cards/electronics_demo2:2251:14
    at Array.forEach (<anonymous>)
    at initHeroModels (http://localhost:3725/demo%20cards/electronics_demo2:2235:9)
    at http://localhost:3725/demo%20cards/electronics_demo2:2269:1 @ https://cdn.jsdelivr.net/npm/three@0.134.0/examples/js/loaders/GLTFLoader.js:96
[    2499ms] [ERROR] Failed to load resource: the server responded with a status of 404 (Not Found) @ http://localhost:3725/favicon.ico:0
